<?xml version="1.0" encoding="UTF-8"?>
<!-- Generated by org.testng.reporters.JUnitReportReporter -->
<testsuite hostname="DESKTOP-IDMI7S4" failures="0" tests="9" name="com.test.flipkart" time="240.586" errors="0" timestamp="2022-10-18T21:05:47 IST" skipped="0">
  <testcase classname="com.test.flipkart" name="loadTime" time="68.326"/>
  <system-out/>
  <testcase classname="com.test.flipkart" name="search" time="7.271"/>
  <system-out/>
  <testcase classname="com.test.flipkart" name="scroll" time="8.620"/>
  <system-out/>
  <testcase classname="com.test.flipkart" name="contentRefresh" time="3.894"/>
  <system-out/>
  <testcase classname="com.test.flipkart" name="imageDisplay" time="5.365"/>
  <system-out/>
  <testcase classname="com.test.flipkart" name="bottomScroll" time="6.791"/>
  <system-out/>
  <testcase classname="com.test.flipkart" name="imgHeight" time="10.841"/>
  <system-out/>
  <testcase classname="com.test.flipkart" name="diffBrowChrome" time="28.511"/>
  <system-out/>
  <testcase classname="com.test.flipkart" name="diffBrowEdge" time="100.967"/>
  <system-out/>
</testsuite> <!-- com.test.flipkart -->
