<?xml version="1.0" encoding="UTF-8"?>
<!-- Generated by org.testng.reporters.JUnitReportReporter -->
<testsuite hostname="DESKTOP-IDMI7S4" failures="0" tests="1" name="testingwithtestng.ScreenShotTest" time="48.409" errors="0" timestamp="2022-10-05T14:34:15 IST" skipped="0">
  <testcase classname="testingwithtestng.ScreenShotTest" name="f" time="48.409"/>
</testsuite> <!-- testingwithtestng.ScreenShotTest -->
