<?xml version="1.0" encoding="UTF-8"?>
<!-- Generated by org.testng.reporters.JUnitReportReporter -->
<testsuite hostname="DESKTOP-IDMI7S4" failures="0" tests="2" name="BasicAnnotationsExamples.TestAnnotations" time="0.012" errors="0" timestamp="2022-10-05T17:49:14 IST" skipped="0">
  <testcase classname="BasicAnnotationsExamples.TestAnnotations" name="Test1" time="0.009"/>
  <testcase classname="BasicAnnotationsExamples.TestAnnotations" name="Test2" time="0.003"/>
</testsuite> <!-- BasicAnnotationsExamples.TestAnnotations -->
