<?xml version="1.0" encoding="UTF-8"?>
<!-- Generated by org.testng.reporters.JUnitReportReporter -->
<testsuite hostname="DESKTOP-IDMI7S4" failures="0" tests="1" name="testingwithtestng.FetchInput" time="10.831" errors="0" timestamp="2022-10-06T22:30:36 IST" skipped="0">
  <testcase classname="testingwithtestng.FetchInput" name="f" time="10.831"/>
</testsuite> <!-- testingwithtestng.FetchInput -->
