<?xml version="1.0" encoding="UTF-8"?>
<!-- Generated by org.testng.reporters.JUnitReportReporter -->
<testsuite hostname="DESKTOP-IDMI7S4" failures="0" tests="1" name="testingwithtestng.XpathExample" time="4.505" errors="0" timestamp="2022-10-05T14:59:54 IST" skipped="0">
  <testcase classname="testingwithtestng.XpathExample" name="f" time="4.505"/>
</testsuite> <!-- testingwithtestng.XpathExample -->
