<?xml version="1.0" encoding="UTF-8"?>
<!-- Generated by org.testng.reporters.JUnitReportReporter -->
<testsuite hostname="DESKTOP-IDMI7S4" failures="0" tests="1" name="testingwithtestng.WaitTest" time="37.259" errors="0" timestamp="2022-10-05T15:52:39 IST" skipped="0">
  <testcase classname="testingwithtestng.WaitTest" name="testUntitled" time="37.259"/>
</testsuite> <!-- testingwithtestng.WaitTest -->
