<?xml version="1.0" encoding="UTF-8"?>
<!-- Generated by org.testng.reporters.JUnitReportReporter -->
<testsuite hostname="DESKTOP-IDMI7S4" failures="0" tests="2" name="BasicAnnotationsExamples.ParallelTestWithMultiThread" time="19.325" errors="0" timestamp="2022-10-06T15:40:21 IST" skipped="0">
  <testcase classname="BasicAnnotationsExamples.ParallelTestWithMultiThread" name="testOnChromeWithBrowserStackUrl" time="5.742"/>
  <testcase classname="BasicAnnotationsExamples.ParallelTestWithMultiThread" name="testOnChromeWithBrowserStackSignUp" time="13.583"/>
</testsuite> <!-- BasicAnnotationsExamples.ParallelTestWithMultiThread -->
