<?xml version="1.0" encoding="UTF-8"?>
<!-- Generated by org.testng.reporters.JUnitReportReporter -->
<testsuite hostname="DESKTOP-IDMI7S4" failures="0" tests="1" name="BasicAnnotationsExamples.GridTestExample" time="7.465" errors="0" timestamp="2022-10-10T15:47:21 IST" skipped="0">
  <testcase classname="BasicAnnotationsExamples.GridTestExample" name="mailTest" time="7.465"/>
</testsuite> <!-- BasicAnnotationsExamples.GridTestExample -->
