<?xml version="1.0" encoding="UTF-8"?>
<!-- Generated by org.testng.reporters.JUnitReportReporter -->
<testsuite hostname="DESKTOP-IDMI7S4" failures="0" tests="1" name="testngexample.TestDetails2" time="0.021" errors="0" timestamp="2022-10-06T17:12:19 IST" skipped="0">
  <testcase classname="testngexample.TestDetails2" name="testmethod" time="0.021"/>
</testsuite> <!-- testngexample.TestDetails2 -->
