<?xml version="1.0" encoding="UTF-8"?>
<!-- Generated by org.testng.reporters.JUnitReportReporter -->
<testsuite hostname="DESKTOP-IDMI7S4" failures="0" tests="1" name="testingwithtestng.FluentWaitExample" time="9.938" errors="0" timestamp="2022-10-05T17:05:18 IST" skipped="0">
  <testcase classname="testingwithtestng.FluentWaitExample" name="f" time="9.938"/>
</testsuite> <!-- testingwithtestng.FluentWaitExample -->
