<?xml version="1.0" encoding="UTF-8"?>
<!-- Generated by org.testng.reporters.JUnitReportReporter -->
<testsuite hostname="DESKTOP-IDMI7S4" failures="0" tests="3" name="BasicAnnotationsExamples.TestAnnotationBeforeGroups" time="0.012" errors="0" timestamp="2022-10-06T15:02:20 IST" skipped="0">
  <testcase classname="BasicAnnotationsExamples.TestAnnotationBeforeGroups" name="testMethod1" time="0.003"/>
  <testcase classname="BasicAnnotationsExamples.TestAnnotationBeforeGroups" name="testMethod2" time="0.001"/>
  <testcase classname="BasicAnnotationsExamples.TestAnnotationBeforeGroups" name="testMethod" time="0.008"/>
</testsuite> <!-- BasicAnnotationsExamples.TestAnnotationBeforeGroups -->
