<?xml version="1.0" encoding="UTF-8"?>
<!-- Generated by org.testng.reporters.JUnitReportReporter -->
<testsuite hostname="DESKTOP-IDMI7S4" failures="0" tests="2" name="testngexample.TestDetails1" time="0.004" errors="0" timestamp="2022-10-06T17:12:19 IST" skipped="0">
  <testcase classname="testngexample.TestDetails1" name="testmethod" time="0.002"/>
  <testcase classname="testngexample.TestDetails1" name="testmethod1" time="0.002"/>
</testsuite> <!-- testngexample.TestDetails1 -->
