<?xml version="1.0" encoding="UTF-8"?>
<!-- Generated by org.testng.reporters.JUnitReportReporter -->
<testsuite hostname="DESKTOP-IDMI7S4" failures="0" tests="1" name="testngexample.SampleTest" time="0.009" errors="0" timestamp="2022-10-06T17:13:22 IST" skipped="0">
  <testcase classname="testngexample.SampleTest" name="testmethod" time="0.009"/>
</testsuite> <!-- testngexample.SampleTest -->
