<?xml version="1.0" encoding="UTF-8"?>
<!-- Generated by org.testng.reporters.JUnitReportReporter -->
<testsuite hostname="DESKTOP-IDMI7S4" failures="0" tests="1" name="testingwithtestng.NewTest" time="10.103" errors="0" timestamp="2022-10-06T22:49:37 IST" skipped="0">
  <testcase classname="testingwithtestng.NewTest" name="f" time="10.103"/>
</testsuite> <!-- testingwithtestng.NewTest -->
