<?xml version="1.0" encoding="UTF-8"?>
<!-- Generated by org.testng.reporters.JUnitReportReporter -->
<testsuite hostname="DESKTOP-IDMI7S4" failures="0" tests="4" name="testngexample.DataProviderTest" time="0.022" errors="0" timestamp="2022-10-06T17:14:20 IST" skipped="0">
  <testcase classname="testngexample.DataProviderTest" name="testMethodOne" time="0.016"/>
  <testcase classname="testngexample.DataProviderTest" name="testMethodTwo" time="0.001"/>
  <testcase classname="testngexample.DataProviderTest" name="testMethodTwo" time="0.002"/>
  <testcase classname="testngexample.DataProviderTest" name="testMethodOne" time="0.003"/>
</testsuite> <!-- testngexample.DataProviderTest -->
